2025.06.17 20:09:36 INFO  Started: Metals version 1.6.0 in folders '/Users/t-katayama/Desktop/play-scala-hello-world-tutorial' for client Visual Studio Code 1.100.3.[0m
2025.06.17 20:09:52 INFO  no build target found for /Users/t-katayama/Desktop/play-scala-hello-world-tutorial/app/controllers/HomeController.scala. Using presentation compiler with project's scala-library version: 3.3.6[0m
2025.06.17 20:09:52 WARN  no build target for: /Users/t-katayama/Desktop/play-scala-hello-world-tutorial/app/controllers/HomeController.scala[0m
2025.06.17 20:09:52 INFO  no build target found for /Users/t-katayama/Desktop/play-scala-hello-world-tutorial/app/controllers/HomeController.scala. Using presentation compiler with project's scala-library version: 3.3.6[0m
2025.06.17 20:09:53 INFO  no build target found for /Users/t-katayama/Desktop/play-scala-hello-world-tutorial/app/controllers/HomeController.scala. Using presentation compiler with project's scala-library version: 3.3.6[0m
2025.06.17 20:09:52 INFO  no build target found for /Users/t-katayama/Desktop/play-scala-hello-world-tutorial/app/controllers/HomeController.scala. Using presentation compiler with project's scala-library version: 3.3.6[0m
2025.06.17 20:13:09 INFO  Shutting down server[0m
2025.06.17 20:13:09 INFO  shutting down Metals[0m
2025.06.17 20:13:09 INFO  Exiting server[0m
2025.06.17 20:14:09 INFO  Started: Metals version 1.6.0 in folders '/Users/t-katayama/Desktop/play-scala-hello-world-tutorial' for client Visual Studio Code 1.100.3.[0m
2025.06.17 20:14:11 INFO  no build target found for /Users/t-katayama/Desktop/play-scala-hello-world-tutorial/app/controllers/HomeController.scala. Using presentation compiler with project's scala-library version: 3.3.6[0m
6月 17, 2025 8:14:12 午後 org.eclipse.lsp4j.jsonrpc.services.GenericEndpoint notify
情報: Unsupported notification method: $/setTrace
6月 17, 2025 8:14:12 午後 org.eclipse.lsp4j.jsonrpc.RemoteEndpoint handleCancellation
警告: Unmatched cancel notification for request id 3
6月 17, 2025 8:14:12 午後 org.eclipse.lsp4j.jsonrpc.RemoteEndpoint handleCancellation
警告: Unmatched cancel notification for request id 2
6月 17, 2025 8:14:12 午後 org.eclipse.lsp4j.jsonrpc.RemoteEndpoint handleCancellation
警告: Unmatched cancel notification for request id 1
2025.06.17 20:14:12 INFO  no build target found for /Users/t-katayama/Desktop/play-scala-hello-world-tutorial/app/controllers/HomeController.scala. Using presentation compiler with project's scala-library version: 3.3.6[0m
2025.06.17 20:14:15 INFO  no build target found for /Users/t-katayama/Desktop/play-scala-hello-world-tutorial/app/controllers/HomeController.scala. Using presentation compiler with project's scala-library version: 3.3.6[0m
2025.06.17 20:14:15 WARN  no build target for: /Users/t-katayama/Desktop/play-scala-hello-world-tutorial/app/controllers/HomeController.scala[0m
2025.06.17 20:14:23 WARN  no build target for: /Users/t-katayama/Desktop/play-scala-hello-world-tutorial/app/controllers/HomeController.scala[0m
2025.06.17 20:14:24 INFO  no build target found for /Users/t-katayama/Desktop/play-scala-hello-world-tutorial/build.sbt. Using presentation compiler with project's scala-library version: 3.3.6[0m
2025.06.17 20:14:24 WARN  no build target for: /Users/t-katayama/Desktop/play-scala-hello-world-tutorial/build.sbt[0m
2025.06.17 20:14:24 WARN  no build target for: /Users/t-katayama/Desktop/play-scala-hello-world-tutorial/project/plugins.sbt[0m
2025.06.17 20:14:24 INFO  no build target found for /Users/t-katayama/Desktop/play-scala-hello-world-tutorial/project/plugins.sbt. Using presentation compiler with project's scala-library version: 3.3.6[0m
2025.06.17 20:14:24 INFO  no build target found for /Users/t-katayama/Desktop/play-scala-hello-world-tutorial/app/controllers/HomeController.scala. Using presentation compiler with project's scala-library version: 3.3.6[0m
2025.06.17 20:14:24 INFO  no build target found for /Users/t-katayama/Desktop/play-scala-hello-world-tutorial/build.sbt. Using presentation compiler with project's scala-library version: 3.3.6[0m
2025.06.17 20:14:24 INFO  no build target found for /Users/t-katayama/Desktop/play-scala-hello-world-tutorial/project/plugins.sbt. Using presentation compiler with project's scala-library version: 3.3.6[0m
2025.06.17 20:14:25 INFO  no build target found for /Users/t-katayama/Desktop/play-scala-hello-world-tutorial/target/scala-2.13/routes/main/controllers/ReverseRoutes.scala. Using presentation compiler with project's scala-library version: 3.3.6[0m
2025.06.17 20:14:24 WARN  no build target for: /Users/t-katayama/Desktop/play-scala-hello-world-tutorial/target/scala-2.13/routes/main/controllers/ReverseRoutes.scala[0m
2025.06.17 20:14:25 WARN  no build target for: /Users/t-katayama/Desktop/play-scala-hello-world-tutorial/target/scala-2.13/routes/main/controllers/javascript/JavaScriptReverseRoutes.scala[0m
2025.06.17 20:14:25 WARN  no build target for: /Users/t-katayama/Desktop/play-scala-hello-world-tutorial/target/scala-2.13/routes/main/controllers/routes.java[0m
2025.06.17 20:14:25 WARN  no build target for: /Users/t-katayama/Desktop/play-scala-hello-world-tutorial/target/scala-2.13/routes/main/router/Routes.scala[0m
2025.06.17 20:14:25 WARN  no build target for: /Users/t-katayama/Desktop/play-scala-hello-world-tutorial/target/scala-2.13/routes/main/router/RoutesPrefix.scala[0m
2025.06.17 20:14:25 WARN  no build target for: /Users/t-katayama/Desktop/play-scala-hello-world-tutorial/target/scala-2.13/twirl/main/views/html/commonSidebar.template.scala[0m
2025.06.17 20:14:25 WARN  no build target for: /Users/t-katayama/Desktop/play-scala-hello-world-tutorial/target/scala-2.13/twirl/main/views/html/explore.template.scala[0m
2025.06.17 20:14:25 WARN  no build target for: /Users/t-katayama/Desktop/play-scala-hello-world-tutorial/target/scala-2.13/twirl/main/views/html/index.template.scala[0m
2025.06.17 20:14:25 WARN  no build target for: /Users/t-katayama/Desktop/play-scala-hello-world-tutorial/target/scala-2.13/twirl/main/views/html/main.template.scala[0m
2025.06.17 20:14:25 WARN  no build target for: /Users/t-katayama/Desktop/play-scala-hello-world-tutorial/target/scala-2.13/twirl/main/views/html/tutorial.template.scala[0m
2025.06.17 20:14:25 INFO  no build target found for /Users/t-katayama/Desktop/play-scala-hello-world-tutorial/target/scala-2.13/twirl/main/views/html/tutorial.template.scala. Using presentation compiler with project's scala-library version: 3.3.6[0m
2025.06.17 20:14:25 INFO  no build target found for /Users/t-katayama/Desktop/play-scala-hello-world-tutorial/target/scala-2.13/twirl/main/views/html/main.template.scala. Using presentation compiler with project's scala-library version: 3.3.6[0m
2025.06.17 20:14:25 INFO  no build target found for /Users/t-katayama/Desktop/play-scala-hello-world-tutorial/target/scala-2.13/twirl/main/views/html/index.template.scala. Using presentation compiler with project's scala-library version: 3.3.6[0m
2025.06.17 20:14:26 INFO  no build target found for /Users/t-katayama/Desktop/play-scala-hello-world-tutorial/target/scala-2.13/twirl/main/views/html/explore.template.scala. Using presentation compiler with project's scala-library version: 3.3.6[0m
2025.06.17 20:14:26 INFO  no build target found for /Users/t-katayama/Desktop/play-scala-hello-world-tutorial/target/scala-2.13/twirl/main/views/html/commonSidebar.template.scala. Using presentation compiler with project's scala-library version: 3.3.6[0m
2025.06.17 20:14:26 INFO  no build target found for /Users/t-katayama/Desktop/play-scala-hello-world-tutorial/target/scala-2.13/routes/main/router/RoutesPrefix.scala. Using presentation compiler with project's scala-library version: 3.3.6[0m
2025.06.17 20:14:26 INFO  no build target found for /Users/t-katayama/Desktop/play-scala-hello-world-tutorial/target/scala-2.13/routes/main/router/Routes.scala. Using presentation compiler with project's scala-library version: 3.3.6[0m
2025.06.17 20:14:27 INFO  no build target found for /Users/t-katayama/Desktop/play-scala-hello-world-tutorial/target/scala-2.13/routes/main/controllers/javascript/JavaScriptReverseRoutes.scala. Using presentation compiler with project's scala-library version: 3.3.6[0m
6月 17, 2025 8:14:27 午後 org.eclipse.lsp4j.jsonrpc.services.GenericEndpoint notify
情報: Unsupported notification method: $/setTrace
2025.06.17 20:14:27 INFO  no build target found for /Users/t-katayama/Desktop/play-scala-hello-world-tutorial/target/scala-2.13/routes/main/controllers/ReverseRoutes.scala. Using presentation compiler with project's scala-library version: 3.3.6[0m
2025.06.17 20:14:27 INFO  no build target found for /Users/t-katayama/Desktop/play-scala-hello-world-tutorial/target/scala-2.13/routes/main/controllers/javascript/JavaScriptReverseRoutes.scala. Using presentation compiler with project's scala-library version: 3.3.6[0m
2025.06.17 20:14:27 INFO  no build target found for /Users/t-katayama/Desktop/play-scala-hello-world-tutorial/target/scala-2.13/routes/main/controllers/routes.java. Using fallback presentation compiler.[0m
2025.06.17 20:14:27 INFO  no build target found for /Users/t-katayama/Desktop/play-scala-hello-world-tutorial/target/scala-2.13/routes/main/router/Routes.scala. Using presentation compiler with project's scala-library version: 3.3.6[0m
2025.06.17 20:14:27 INFO  no build target found for /Users/t-katayama/Desktop/play-scala-hello-world-tutorial/target/scala-2.13/routes/main/router/RoutesPrefix.scala. Using presentation compiler with project's scala-library version: 3.3.6[0m
2025.06.17 20:14:27 INFO  no build target found for /Users/t-katayama/Desktop/play-scala-hello-world-tutorial/target/scala-2.13/twirl/main/views/html/commonSidebar.template.scala. Using presentation compiler with project's scala-library version: 3.3.6[0m
2025.06.17 20:14:27 INFO  no build target found for /Users/t-katayama/Desktop/play-scala-hello-world-tutorial/target/scala-2.13/twirl/main/views/html/explore.template.scala. Using presentation compiler with project's scala-library version: 3.3.6[0m
2025.06.17 20:14:27 INFO  no build target found for /Users/t-katayama/Desktop/play-scala-hello-world-tutorial/target/scala-2.13/twirl/main/views/html/index.template.scala. Using presentation compiler with project's scala-library version: 3.3.6[0m
2025.06.17 20:14:27 INFO  no build target found for /Users/t-katayama/Desktop/play-scala-hello-world-tutorial/target/scala-2.13/twirl/main/views/html/main.template.scala. Using presentation compiler with project's scala-library version: 3.3.6[0m
2025.06.17 20:14:27 INFO  no build target found for /Users/t-katayama/Desktop/play-scala-hello-world-tutorial/target/scala-2.13/twirl/main/views/html/tutorial.template.scala. Using presentation compiler with project's scala-library version: 3.3.6[0m
